03:53:40 **** Build of configuration Default for project Blackmagic ****
make PROBE_HOST=f4discovery all 
  GIT     include/version.h
/bin/sh: 1: git: not found
diff: include/version.h: No such file or directory
  CC      target/adiv5.c
  CC      target/adiv5_swdp.c
  CC      command.c
  CC      target/cortexa.c
  CC      target/cortexm.c
  CC      crc32.c
  CC      target/efm32.c
  CC      exception.c
  CC      platforms/stm32/gdb_if.c
  CC      gdb_main.c
  CC      gdb_hostio.c
  CC      gdb_packet.c
  CC      hex_utils.c
  CC      target/lmi.c
  CC      target/lpc_common.c
  CC      target/lpc11xx.c
  CC      target/lpc15xx.c
  CC      target/lpc43xx.c
  CC      target/kinetis.c
  CC      main.c
  CC      morse.c
  CC      target/nrf51.c
  CC      platforms/f4discovery/platform.c
  CC      target/sam3x.c
  CC      target/sam4l.c
  CC      target/samd.c
  CC      target/stm32f1.c
  CC      target/stm32f4.c
  CC      target/stm32l0.c
  CC      target/stm32l4.c
  CC      platforms/common/swdptap.c
  CC      target/swdptap_generic.c
  CC      target/target.c
  CC      platforms/common/cdcacm.c
  CC      platforms/stm32/traceswo.c
  CC      platforms/stm32/usbuart.c
  CC      platforms/stm32/serialno.c
  CC      platforms/common/timing.c
  CC      platforms/stm32/timing_stm32.c
  CC      target/adiv5_jtagdp.c
  CC      target/jtag_scan.c
  CC      platforms/stm32/jtagtap.c
  CC      target/jtagtap_generic.c
  LD      blackmagic
  OBJCOPY blackmagic.bin
03:54:21 **** Clean-only build of configuration Default for project Blackmagic ****
make PROBE_HOST=f4discovery clean 
  CLEAN
06:01:30 **** Build of configuration Default for project TP2_Move_correction ****
make all 
> Compiling main.c
arm-none-eabi-gcc -c -mcpu=cortex-m4 -O0 -ggdb -fomit-frame-pointer -falign-functions=16 -ffunction-sections -fdata-sections -fno-common -Wall -Wextra -Wundef -Wstrict-prototypes -DSTM32F4 -DSTM32F407xx -mthumb -mno-thumb-interwork -MD -MP -I. -I../ST main.c -o main.o
> Compiling gpio.c
arm-none-eabi-gcc -c -mcpu=cortex-m4 -O0 -ggdb -fomit-frame-pointer -falign-functions=16 -ffunction-sections -fdata-sections -fno-common -Wall -Wextra -Wundef -Wstrict-prototypes -DSTM32F4 -DSTM32F407xx -mthumb -mno-thumb-interwork -MD -MP -I. -I../ST gpio.c -o gpio.o
> Compiling timer.c
arm-none-eabi-gcc -c -mcpu=cortex-m4 -O0 -ggdb -fomit-frame-pointer -falign-functions=16 -ffunction-sections -fdata-sections -fno-common -Wall -Wextra -Wundef -Wstrict-prototypes -DSTM32F4 -DSTM32F407xx -mthumb -mno-thumb-interwork -MD -MP -I. -I../ST timer.c -o timer.o
> Compiling motor.c
arm-none-eabi-gcc -c -mcpu=cortex-m4 -O0 -ggdb -fomit-frame-pointer -falign-functions=16 -ffunction-sections -fdata-sections -fno-common -Wall -Wextra -Wundef -Wstrict-prototypes -DSTM32F4 -DSTM32F407xx -mthumb -mno-thumb-interwork -MD -MP -I. -I../ST motor.c -o motor.o
> Compiling selector.c
arm-none-eabi-gcc -c -mcpu=cortex-m4 -O0 -ggdb -fomit-frame-pointer -falign-functions=16 -ffunction-sections -fdata-sections -fno-common -Wall -Wextra -Wundef -Wstrict-prototypes -DSTM32F4 -DSTM32F407xx -mthumb -mno-thumb-interwork -MD -MP -I. -I../ST selector.c -o selector.o
> Compiling system_clock_config.c
arm-none-eabi-gcc -c -mcpu=cortex-m4 -O0 -ggdb -fomit-frame-pointer -falign-functions=16 -ffunction-sections -fdata-sections -fno-common -Wall -Wextra -Wundef -Wstrict-prototypes -DSTM32F4 -DSTM32F407xx -mthumb -mno-thumb-interwork -MD -MP -I. -I../ST ../ST/system_clock_config.c -o ../ST/system_clock_config.o
> Compiling stm32f4xx_ll_rcc.c
arm-none-eabi-gcc -c -mcpu=cortex-m4 -O0 -ggdb -fomit-frame-pointer -falign-functions=16 -ffunction-sections -fdata-sections -fno-common -Wall -Wextra -Wundef -Wstrict-prototypes -DSTM32F4 -DSTM32F407xx -mthumb -mno-thumb-interwork -MD -MP -I. -I../ST ../ST/stm32f4xx_ll_rcc.c -o ../ST/stm32f4xx_ll_rcc.o
> Compiling system_stm32f4xx.c
arm-none-eabi-gcc -c -mcpu=cortex-m4 -O0 -ggdb -fomit-frame-pointer -falign-functions=16 -ffunction-sections -fdata-sections -fno-common -Wall -Wextra -Wundef -Wstrict-prototypes -DSTM32F4 -DSTM32F407xx -mthumb -mno-thumb-interwork -MD -MP -I. -I../ST ../ST/system_stm32f4xx.c -o ../ST/system_stm32f4xx.o
> Compiling startup_stm32f407xx.s
arm-none-eabi-gcc -x assembler-with-cpp -c -mcpu=cortex-m4 -mthumb -mno-thumb-interwork -I. -I../ST ../ST/startup_stm32f407xx.s -o ../ST/startup_stm32f407xx.o
> Linking move.elf
arm-none-eabi-gcc main.o gpio.o timer.o motor.o selector.o ../ST/system_clock_config.o ../ST/stm32f4xx_ll_rcc.o ../ST/system_stm32f4xx.o ../ST/startup_stm32f407xx.o  -mcpu=cortex-m4 -O0 -ggdb -fomit-frame-pointer -falign-functions=16 -ffunction-sections -fdata-sections -fno-common -nostartfiles  -mthumb -mno-thumb-interwork -Wl,--no-warn-mismatch,--gc-sections,--script=../ST/STM32F407VGTx_FLASH.ld  -o move.elf
> Creating move.list
arm-none-eabi-objdump -d move.elf > move.list
> Creating move.size
arm-none-eabi-nm --size-sort --print-size move.elf > move.size
> Creating move.mem
arm-none-eabi-nm --numeric-sort --print-size move.elf > move.mem
arm-none-eabi-size move.elf
   text	   data	    bss	    dec	    hex	filename
   5532	      4	   1556	   7092	   1bb4	move.elf
> Done
06:01:44 **** Incremental Build of configuration Default for project TP2_Move_correction ****
make all 
arm-none-eabi-size move.elf
   text	   data	    bss	    dec	    hex	filename
   5532	      4	   1556	   7092	   1bb4	move.elf
> Done
06:03:52 **** Incremental Build of configuration Default for project TP2_Move_correction ****
make all 
arm-none-eabi-size move.elf
   text	   data	    bss	    dec	    hex	filename
   5532	      4	   1556	   7092	   1bb4	move.elf
> Done
06:04:07 **** Incremental Build of configuration Default for project TP2_Move_correction ****
make all 
arm-none-eabi-size move.elf
   text	   data	    bss	    dec	    hex	filename
   5532	      4	   1556	   7092	   1bb4	move.elf
> Done
06:04:33 **** Incremental Build of configuration Default for project TP2_Move_correction ****
make all 
arm-none-eabi-size move.elf
   text	   data	    bss	    dec	    hex	filename
   5532	      4	   1556	   7092	   1bb4	move.elf
> Done
06:04:59 **** Incremental Build of configuration Default for project TP2_Move_correction ****
make all 
arm-none-eabi-size move.elf
   text	   data	    bss	    dec	    hex	filename
   5532	      4	   1556	   7092	   1bb4	move.elf
> Done
06:05:39 **** Clean-only build of configuration Default for project TP2_Move_correction ****
make clean 
> Cleaning
rm -f main.o gpio.o timer.o motor.o selector.o ../ST/system_clock_config.o ../ST/stm32f4xx_ll_rcc.o ../ST/system_stm32f4xx.o ../ST/startup_stm32f407xx.o
rm main.d gpio.d timer.d motor.d selector.d ../ST/system_clock_config.d ../ST/stm32f4xx_ll_rcc.d ../ST/system_stm32f4xx.d
rm -f move.elf move.list move.size move.mem
> Done
13:09:37 **** Build of configuration Default for project MyProject ****
make all 
arm-none-eabi-ar rcs libssp.a
arm-none-eabi-ar rcs libssp_nonshared.a
Compiler Options
arm-none-eabi-gcc -c -mcpu=cortex-m4 -O2 -ggdb -fomit-frame-pointer -falign-functions=16 -fno-strict-aliasing -fstack-protector-all -L . -ffunction-sections -fdata-sections -fno-common -mfloat-abi=hard -mfpu=fpv4-sp-d16 -fsingle-precision-constant -Wall -Wextra -Wundef -Wstrict-prototypes -Wno-implicit-fallthrough -Wa,-alms=build/lst/ -DCORTEX_USE_FPU=TRUE -DSTDOUT_SD=SDU1 -DSTDIN_SD=SDU1 -DARM_MATH_CM4 -D__FPU_PRESENT -DTHUMB_PRESENT -mno-thumb-interwork -DTHUMB_NO_INTERWORKING -MD -MP -MF .dep/build.d -I. -I../e-puck2_main-processor/ChibiOS_ext/os/hal/include -I../e-puck2_main-processor/ChibiOS_ext/os/hal/ports/STM32/STM32F4xx -I../e-puck2_main-processor/src/epuck1x -I../e-puck2_main-processor/src/ -I../e-puck2_main-processor/ChibiOS//os/common/ports/ARMCMx/devices/STM32F4xx -I../e-puck2_main-processor/ChibiOS//os/ext/CMSIS/include -I../e-puck2_main-processor/ChibiOS//os/ext/CMSIS/ST -I../e-puck2_main-processor/ChibiOS//os/rt/include -I../e-puck2_main-processor/ChibiOS//os/rt/ports/ARMCMx -I../e-puck2_main-processor/ChibiOS//os/rt/ports/ARMCMx/compilers/GCC -I../e-puck2_main-processor/ChibiOS//os/hal/osal/rt -I../e-puck2_main-processor/ChibiOS//os/hal/include -I../e-puck2_main-processor/ChibiOS//os/hal/ports/common/ARMCMx -I../e-puck2_main-processor/ChibiOS//os/hal/ports/STM32/STM32F4xx -I../e-puck2_main-processor/ChibiOS//os/hal/ports/STM32/LLD -I../e-puck2_main-processor/ChibiOS//os/hal/ports/STM32/LLD/DACv1 -I../e-puck2_main-processor/ChibiOS//os/hal/ports/STM32/LLD/GPIOv2 -I../e-puck2_main-processor/ChibiOS//os/hal/ports/STM32/LLD/I2Cv1 -I../e-puck2_main-processor/ChibiOS//os/hal/ports/STM32/LLD/OTGv1 -I../e-puck2_main-processor/ChibiOS//os/hal/ports/STM32/LLD/RTCv2 -I../e-puck2_main-processor/ChibiOS//os/hal/ports/STM32/LLD/SPIv1 -I../e-puck2_main-processor/ChibiOS//os/hal/ports/STM32/LLD/TIMv1 -I../e-puck2_main-processor/ChibiOS//os/hal/ports/STM32/LLD/USARTv1 -I../e-puck2_main-processor/ChibiOS//os/hal/ports/STM32/LLD/FSMCv1 -I../e-puck2_main-processor/ChibiOS_ext//os/hal/boards/epuck2 -I../e-puck2_main-processor/ChibiOS//test/rt -I../e-puck2_main-processor/ChibiOS//os/various -I../e-puck2_main-processor/ChibiOS//os/hal/lib/streams -I../e-puck2_main-processor/aseba -I../e-puck2_main-processor/ChibiOS_ext//ext/fatfs/src -I../e-puck2_main-processor/src main.c -o main.o

[1;34mCompiling crt0_v7m.s[0m
[1;34mCompiling chcoreasm_v7m.s[0m
[1;34mCompiling main.c[0m
[1;34mCompiling spi3_slave_lld.c[0m
[1;34mCompiling dcmi_lld.c[0m
[1;34mCompiling dcmi.c[0m
[1;34mCompiling spi3_slave.c[0m
[1;34mCompiling audio_thread.c[0m
[1;34mCompiling microphone.c[0m
[1;34mCompiling mp45dt02_processing.c[0m
[1;34mCompiling play_melody.c[0m
[1;34mCompiling button.c[0m
[1;34mCompiling camera.c[0m
[1;34mCompiling dcmi_camera.c[0m
[1;34mCompiling ov2640.c[0m
[1;34mCompiling ov7670.c[0m
[1;34mCompiling po6030.c[0m
[1;34mCompiling po8030.c[0m
[1;34mCompiling cmd.c[0m
[1;34mCompiling Asercom.c[0m
[1;34mCompiling Asercom2.c[0m
[1;34mCompiling DataEEPROM.c[0m
[1;34mCompiling e_I2C_protocol.c[0m
[1;34mCompiling e_acc.c[0m
[1;34mCompiling e_ad_conv.c[0m
[1;34mCompiling e_micro.c[0m
[1;34mCompiling e_prox.c[0m
[1;34mCompiling e_lsm330.c[0m
[1;34mCompiling e_common.c[0m
[1;34mCompiling e_sound.c[0m
[1;34mCompiling e_agenda.c[0m
[1;34mCompiling e_led.c[0m
[1;34mCompiling e_motors.c[0m
[1;34mCompiling e_remote_control.c[0m
[1;34mCompiling e_init_port.c[0m
[1;34mCompiling e_uart_char.c[0m
[1;34mCompiling utility.c[0m
[1;34mCompiling exti.c[0m
[1;34mCompiling flash.c[0m
[1;34mCompiling i2c_bus.c[0m
[1;34mCompiling ir_remote.c[0m
[1;34mCompiling leds.c[0m
[1;34mCompiling memory_protection.c[0m
[1;34mCompiling motors.c[0m
[1;34mCompiling panic.c[0m
[1;34mCompiling selector.c[0m
[1;34mCompiling battery_level.c[0m
[1;34mCompiling ground.c[0m
[1;34mCompiling imu.c[0m
[1;34mCompiling mpu9250.c[0m
[1;34mCompiling proximity.c[0m
[1;34mCompiling serial_comm.c[0m
[1;34mCompiling spi_comm.c[0m
[1;34mCompiling sdio.c[0m
[1;34mCompiling usbcfg.c[0m
[1;34mCompiling uc_usage.c[0m
[1;34mCompiling malloc_lock.c[0m
[1;34mCompiling newlib_syscalls.c[0m
[1;34mCompiling port.c[0m
[1;34mCompiling communication.c[0m
[1;34mCompiling config_flash_storage.c[0m
[1;34mCompiling vl53l0x_api.c[0m
[1;34mCompiling vl53l0x_api_calibration.c[0m
[1;34mCompiling vl53l0x_api_core.c[0m
[1;34mCompiling vl53l0x_api_ranging.c[0m
[1;34mCompiling vl53l0x_api_strings.c[0m
[1;34mCompiling vl53l0x_i2c_platform.c[0m
[1;34mCompiling vl53l0x_platform.c[0m
[1;34mCompiling VL53L0X.c[0m
[1;34mCompiling serial_datagram.c[0m
[1;34mCompiling cmp.c[0m
[1;34mCompiling cmp_mem_access.c[0m
[1;34mCompiling crc16.c[0m
[1;34mCompiling crc32.c[0m
[1;34mCompiling messagebus.c[0m
[1;34mCompiling parameter.c[0m
[1;34mCompiling parameter_msgpack.c[0m
[1;34mCompiling parameter_print.c[0m
[1;34mCompiling fat.c[0m
[1;34mCompiling play_sound_file.c[0m
[1;34mCompiling behaviors.c[0m
[1;34mCompiling ircom.c[0m
[1;34mCompiling ircomReceive.c[0m
[1;34mCompiling ircomTools.c[0m
[1;34mCompiling ircomMessages.c[0m
[1;34mCompiling ircomSend.c[0m
[1;34mCompiling transceiver.c[0m
[1;34mCompiling crt1.c[0m
[1;34mCompiling vectors.c[0m
[1;34mCompiling chsys.c[0m
[1;34mCompiling chdebug.c[0m
[1;34mCompiling chvt.c[0m
[1;34mCompiling chschd.c[0m
[1;34mCompiling chthreads.c[0m
[1;34mCompiling chtm.c[0m
[1;34mCompiling chstats.c[0m
[1;34mCompiling chdynamic.c[0m
[1;34mCompiling chregistry.c[0m
[1;34mCompiling chsem.c[0m
[1;34mCompiling chmtx.c[0m
[1;34mCompiling chcond.c[0m
[1;34mCompiling chevents.c[0m
[1;34mCompiling chmsg.c[0m
[1;34mCompiling chmboxes.c[0m
[1;34mCompiling chqueues.c[0m
[1;34mCompiling chmemcore.c[0m
[1;34mCompiling chheap.c[0m
[1;34mCompiling chmempools.c[0m
[1;34mCompiling chcore.c[0m
[1;34mCompiling chcore_v7m.c[0m
[1;34mCompiling osal.c[0m
[1;34mCompiling hal.c[0m
[1;34mCompiling hal_queues.c[0m
[1;34mCompiling hal_mmcsd.c[0m
[1;34mCompiling adc.c[0m
[1;34mCompiling can.c[0m
[1;34mCompiling dac.c[0m
[1;34mCompiling ext.c[0m
[1;34mCompiling gpt.c[0m
[1;34mCompiling i2c.c[0m
[1;34mCompiling i2s.c[0m
[1;34mCompiling icu.c[0m
[1;34mCompiling mac.c[0m
[1;34mCompiling mmc_spi.c[0m
[1;34mCompiling pal.c[0m
[1;34mCompiling pwm.c[0m
[1;34mCompiling rtc.c[0m
[1;34mCompiling sdc.c[0m
[1;34mCompiling serial.c[0m
[1;34mCompiling serial_usb.c[0m
[1;34mCompiling spi.c[0m
[1;34mCompiling st.c[0m
[1;34mCompiling uart.c[0m
[1;34mCompiling usb.c[0m
[1;34mCompiling nvic.c[0m
[1;34mCompiling stm32_dma.c[0m
[1;34mCompiling hal_lld.c[0m
[1;34mCompiling adc_lld.c[0m
[1;34mCompiling ext_lld_isr.c[0m
[1;34mCompiling can_lld.c[0m
[1;34mCompiling ext_lld.c[0m
[1;34mCompiling mac_lld.c[0m
[1;34mCompiling sdc_lld.c[0m
[1;34mCompiling dac_lld.c[0m
[1;34mCompiling pal_lld.c[0m
[1;34mCompiling i2c_lld.c[0m
[1;34mCompiling usb_lld.c[0m
[1;34mCompiling rtc_lld.c[0m
[1;34mCompiling i2s_lld.c[0m
[1;34mCompiling spi_lld.c[0m
[1;34mCompiling gpt_lld.c[0m
[1;34mCompiling icu_lld.c[0m
[1;34mCompiling pwm_lld.c[0m
[1;34mCompiling st_lld.c[0m
[1;34mCompiling serial_lld.c[0m
[1;34mCompiling uart_lld.c[0m
[1;34mCompiling board.c[0m
[1;34mCompiling test.c[0m
[1;34mCompiling testthd.c[0m
[1;34mCompiling testsem.c[0m
[1;34mCompiling testmtx.c[0m
[1;34mCompiling testmsg.c[0m
[1;34mCompiling testmbox.c[0m
[1;34mCompiling testevt.c[0m
[1;34mCompiling testheap.c[0m
[1;34mCompiling testpools.c[0m
[1;34mCompiling testdyn.c[0m
[1;34mCompiling testqueues.c[0m
[1;34mCompiling testsys.c[0m
[1;34mCompiling testbmk.c[0m
[1;34mCompiling shell.c[0m
[1;34mCompiling memstreams.c[0m
[1;34mCompiling chprintf.c[0m
[1;34mCompiling fatfs_diskio.c[0m
[1;34mCompiling fatfs_syscall.c[0m
[1;34mCompiling ff.c[0m
[1;34mCompiling unicode.c[0m
[1;34mCompiling vm-buffer.c[0m
[1;34mCompiling can-buffer.c[0m
[1;34mCompiling can-net.c[0m
[1;34mCompiling natives.c[0m
[1;34mCompiling vm.c[0m
[1;34mCompiling aseba_can_interface.c[0m
[1;34mCompiling aseba_node.c[0m
[1;34mCompiling skel_user.c[0m
[1;34mCompiling aseba_bridge.c[0m
[1;34mLinking build/Project_template.elf[0m
[1;34mCreating build/Project_template.hex[0m
[1;34mCreating build/Project_template.bin[0m
[1;34mCreating build/Project_template.dmp[0m

   text	   data	    bss	    dec	    hex	filename
  47908	   2948	   6236	  57092	   df04	build/Project_template.elf
[1;34mCreating build/Project_template.list[0m

[1;34mDone[0m
13:12:02 **** Incremental Build of configuration Default for project MyProject ****
make all 
make: Nothing to be done for 'all'.
13:16:12 **** Incremental Build of configuration Default for project MyProject ****
make all 
make: Nothing to be done for 'all'.
13:45:00 **** Build of configuration Default for project MyProject ****
make all 
[1;34mCompiling main.c[0m
[1;34mLinking build/Project_template.elf[0m
[1;34mCreating build/Project_template.hex[0m
[1;34mCreating build/Project_template.bin[0m
[1;34mCreating build/Project_template.dmp[0m

   text	   data	    bss	    dec	    hex	filename
  47908	   2948	   6236	  57092	   df04	build/Project_template.elf
[1;34mCreating build/Project_template.list[0m

[1;34mDone[0m
13:45:04 **** Incremental Build of configuration Default for project MyProject ****
make all 
make: Nothing to be done for 'all'.
13:48:56 **** Incremental Build of configuration Default for project MyProject ****
make all 
[1;34mCompiling main.c[0m
main.c: In function 'main':
main.c:22:5: error: expected '=', ',', ';', 'asm' or '__attribute__' before 'while'
     while (1) {
     ^~~~~
main.c:25:9: warning: implicit declaration of function 'left_motor_set_speed' [-Wimplicit-function-declaration]
         left_motor_set_speed(500);
         ^~~~~~~~~~~~~~~~~~~~
main.c:26:9: warning: implicit declaration of function 'right_motor_set_speed' [-Wimplicit-function-declaration]
         right_motor_set_speed(-500);
         ^~~~~~~~~~~~~~~~~~~~~
../e-puck2_main-processor/ChibiOS//os/common/ports/ARMCMx/compilers/GCC/rules.mk:216: recipe for target 'build/obj/main.o' failed
make: *** [build/obj/main.o] Error 1
"make all" terminated with exit code 2. Build might be incomplete.
13:49:27 **** Incremental Build of configuration Default for project MyProject ****
make all 
[1;34mCompiling main.c[0m
main.c: In function 'main':
main.c:25:9: warning: implicit declaration of function 'left_motor_set_speed' [-Wimplicit-function-declaration]
         left_motor_set_speed(motor_speed);
         ^~~~~~~~~~~~~~~~~~~~
main.c:26:9: warning: implicit declaration of function 'right_motor_set_speed' [-Wimplicit-function-declaration]
         right_motor_set_speed(-motor_speed);
         ^~~~~~~~~~~~~~~~~~~~~
[1;34mLinking build/Project_template.elf[0m
[1;34mCreating build/Project_template.hex[0m
[1;34mCreating build/Project_template.bin[0m
[1;34mCreating build/Project_template.dmp[0m

   text	   data	    bss	    dec	    hex	filename
  48548	   2948	   6300	  57796	   e1c4	build/Project_template.elf
[1;34mCreating build/Project_template.list[0m

[1;34mDone[0m
13:49:41 **** Incremental Build of configuration Default for project MyProject ****
make all 
make: Nothing to be done for 'all'.
13:50:17 **** Incremental Build of configuration Default for project MyProject ****
make all 
make: Nothing to be done for 'all'.
13:50:35 **** Incremental Build of configuration Default for project MyProject ****
make all 
make: Nothing to be done for 'all'.
13:50:39 **** Incremental Build of configuration Default for project MyProject ****
make all 
make: Nothing to be done for 'all'.
09:43:19 **** Build of configuration Default for project MyProject ****
make all 
[1;34mCompiling crt0_v7m.s[0m
[1;34mCompiling chcoreasm_v7m.s[0m
[1;34mCompiling main.c[0m
main.c: In function 'main':
main.c:29:9: warning: implicit declaration of function 'get_selector'; did you mean 'pselect'? [-Wimplicit-function-declaration]
         get_selector(4);
         ^~~~~~~~~~~~
         pselect
[1;34mCompiling spi3_slave_lld.c[0m
[1;34mCompiling dcmi_lld.c[0m
[1;34mCompiling dcmi.c[0m
[1;34mCompiling spi3_slave.c[0m
[1;34mCompiling audio_thread.c[0m
[1;34mCompiling microphone.c[0m
[1;34mCompiling mp45dt02_processing.c[0m
[1;34mCompiling play_melody.c[0m
[1;34mCompiling button.c[0m
[1;34mCompiling camera.c[0m
[1;34mCompiling dcmi_camera.c[0m
[1;34mCompiling ov2640.c[0m
[1;34mCompiling ov7670.c[0m
[1;34mCompiling po6030.c[0m
[1;34mCompiling po8030.c[0m
[1;34mCompiling cmd.c[0m
[1;34mCompiling Asercom.c[0m
[1;34mCompiling Asercom2.c[0m
[1;34mCompiling DataEEPROM.c[0m
[1;34mCompiling e_I2C_protocol.c[0m
[1;34mCompiling e_acc.c[0m
[1;34mCompiling e_ad_conv.c[0m
[1;34mCompiling e_micro.c[0m
[1;34mCompiling e_prox.c[0m
[1;34mCompiling e_lsm330.c[0m
[1;34mCompiling e_common.c[0m
[1;34mCompiling e_sound.c[0m
[1;34mCompiling e_agenda.c[0m
[1;34mCompiling e_led.c[0m
[1;34mCompiling e_motors.c[0m
[1;34mCompiling e_remote_control.c[0m
[1;34mCompiling e_init_port.c[0m
[1;34mCompiling e_uart_char.c[0m
[1;34mCompiling utility.c[0m
[1;34mCompiling exti.c[0m
[1;34mCompiling flash.c[0m
[1;34mCompiling i2c_bus.c[0m
[1;34mCompiling ir_remote.c[0m
[1;34mCompiling leds.c[0m
[1;34mCompiling memory_protection.c[0m
[1;34mCompiling motors.c[0m
[1;34mCompiling panic.c[0m
[1;34mCompiling selector.c[0m
[1;34mCompiling battery_level.c[0m
[1;34mCompiling ground.c[0m
[1;34mCompiling imu.c[0m
[1;34mCompiling mpu9250.c[0m
[1;34mCompiling proximity.c[0m
[1;34mCompiling serial_comm.c[0m
[1;34mCompiling spi_comm.c[0m
[1;34mCompiling sdio.c[0m
[1;34mCompiling usbcfg.c[0m
[1;34mCompiling uc_usage.c[0m
[1;34mCompiling malloc_lock.c[0m
[1;34mCompiling newlib_syscalls.c[0m
[1;34mCompiling port.c[0m
[1;34mCompiling communication.c[0m
[1;34mCompiling config_flash_storage.c[0m
[1;34mCompiling vl53l0x_api.c[0m
[1;34mCompiling vl53l0x_api_calibration.c[0m
[1;34mCompiling vl53l0x_api_core.c[0m
[1;34mCompiling vl53l0x_api_ranging.c[0m
[1;34mCompiling vl53l0x_api_strings.c[0m
[1;34mCompiling vl53l0x_i2c_platform.c[0m
[1;34mCompiling vl53l0x_platform.c[0m
[1;34mCompiling VL53L0X.c[0m
[1;34mCompiling serial_datagram.c[0m
[1;34mCompiling cmp.c[0m
[1;34mCompiling cmp_mem_access.c[0m
[1;34mCompiling crc16.c[0m
[1;34mCompiling crc32.c[0m
[1;34mCompiling messagebus.c[0m
[1;34mCompiling parameter.c[0m
[1;34mCompiling parameter_msgpack.c[0m
[1;34mCompiling parameter_print.c[0m
[1;34mCompiling fat.c[0m
[1;34mCompiling play_sound_file.c[0m
[1;34mCompiling behaviors.c[0m
[1;34mCompiling ircom.c[0m
[1;34mCompiling ircomReceive.c[0m
[1;34mCompiling ircomTools.c[0m
[1;34mCompiling ircomMessages.c[0m
[1;34mCompiling ircomSend.c[0m
[1;34mCompiling transceiver.c[0m
[1;34mCompiling crt1.c[0m
[1;34mCompiling vectors.c[0m
[1;34mCompiling chsys.c[0m
[1;34mCompiling chdebug.c[0m
[1;34mCompiling chvt.c[0m
[1;34mCompiling chschd.c[0m
[1;34mCompiling chthreads.c[0m
[1;34mCompiling chtm.c[0m
[1;34mCompiling chstats.c[0m
[1;34mCompiling chdynamic.c[0m
[1;34mCompiling chregistry.c[0m
[1;34mCompiling chsem.c[0m
[1;34mCompiling chmtx.c[0m
[1;34mCompiling chcond.c[0m
[1;34mCompiling chevents.c[0m
[1;34mCompiling chmsg.c[0m
[1;34mCompiling chmboxes.c[0m
[1;34mCompiling chqueues.c[0m
[1;34mCompiling chmemcore.c[0m
[1;34mCompiling chheap.c[0m
[1;34mCompiling chmempools.c[0m
[1;34mCompiling chcore.c[0m
[1;34mCompiling chcore_v7m.c[0m
[1;34mCompiling osal.c[0m
[1;34mCompiling hal.c[0m
[1;34mCompiling hal_queues.c[0m
[1;34mCompiling hal_mmcsd.c[0m
[1;34mCompiling adc.c[0m
[1;34mCompiling can.c[0m
[1;34mCompiling dac.c[0m
[1;34mCompiling ext.c[0m
[1;34mCompiling gpt.c[0m
[1;34mCompiling i2c.c[0m
[1;34mCompiling i2s.c[0m
[1;34mCompiling icu.c[0m
[1;34mCompiling mac.c[0m
[1;34mCompiling mmc_spi.c[0m
[1;34mCompiling pal.c[0m
[1;34mCompiling pwm.c[0m
[1;34mCompiling rtc.c[0m
[1;34mCompiling sdc.c[0m
[1;34mCompiling serial.c[0m
[1;34mCompiling serial_usb.c[0m
[1;34mCompiling spi.c[0m
[1;34mCompiling st.c[0m
[1;34mCompiling uart.c[0m
[1;34mCompiling usb.c[0m
[1;34mCompiling nvic.c[0m
[1;34mCompiling stm32_dma.c[0m
[1;34mCompiling hal_lld.c[0m
[1;34mCompiling adc_lld.c[0m
[1;34mCompiling ext_lld_isr.c[0m
[1;34mCompiling can_lld.c[0m
[1;34mCompiling ext_lld.c[0m
[1;34mCompiling mac_lld.c[0m
[1;34mCompiling sdc_lld.c[0m
[1;34mCompiling dac_lld.c[0m
[1;34mCompiling pal_lld.c[0m
[1;34mCompiling i2c_lld.c[0m
[1;34mCompiling usb_lld.c[0m
[1;34mCompiling rtc_lld.c[0m
[1;34mCompiling i2s_lld.c[0m
[1;34mCompiling spi_lld.c[0m
[1;34mCompiling gpt_lld.c[0m
[1;34mCompiling icu_lld.c[0m
[1;34mCompiling pwm_lld.c[0m
[1;34mCompiling st_lld.c[0m
[1;34mCompiling serial_lld.c[0m
[1;34mCompiling uart_lld.c[0m
[1;34mCompiling board.c[0m
[1;34mCompiling test.c[0m
[1;34mCompiling testthd.c[0m
[1;34mCompiling testsem.c[0m
[1;34mCompiling testmtx.c[0m
[1;34mCompiling testmsg.c[0m
[1;34mCompiling testmbox.c[0m
[1;34mCompiling testevt.c[0m
[1;34mCompiling testheap.c[0m
[1;34mCompiling testpools.c[0m
[1;34mCompiling testdyn.c[0m
[1;34mCompiling testqueues.c[0m
[1;34mCompiling testsys.c[0m
[1;34mCompiling testbmk.c[0m
[1;34mCompiling shell.c[0m
[1;34mCompiling memstreams.c[0m
[1;34mCompiling chprintf.c[0m
[1;34mCompiling fatfs_diskio.c[0m
[1;34mCompiling fatfs_syscall.c[0m
[1;34mCompiling ff.c[0m
[1;34mCompiling unicode.c[0m
[1;34mCompiling vm-buffer.c[0m
[1;34mCompiling can-buffer.c[0m
[1;34mCompiling can-net.c[0m
[1;34mCompiling natives.c[0m
[1;34mCompiling vm.c[0m
[1;34mCompiling aseba_can_interface.c[0m
[1;34mCompiling aseba_node.c[0m
[1;34mCompiling skel_user.c[0m
[1;34mCompiling aseba_bridge.c[0m
[1;34mLinking build/Project_template.elf[0m
[1;34mCreating build/Project_template.hex[0m
[1;34mCreating build/Project_template.bin[0m
[1;34mCreating build/Project_template.dmp[0m

   text	   data	    bss	    dec	    hex	filename
  48628	   2948	   6300	  57876	   e214	build/Project_template.elf
[1;34mCreating build/Project_template.list[0m

[1;34mDone[0m
09:45:01 **** Incremental Build of configuration Default for project MyProject ****
make all 
[1;34mCompiling main.c[0m
[1;34mLinking build/Project_template.elf[0m
[1;34mCreating build/Project_template.hex[0m
[1;34mCreating build/Project_template.bin[0m
[1;34mCreating build/Project_template.dmp[0m

   text	   data	    bss	    dec	    hex	filename
  48548	   2948	   6300	  57796	   e1c4	build/Project_template.elf
[1;34mCreating build/Project_template.list[0m

[1;34mDone[0m
09:45:20 **** Incremental Build of configuration Default for project MyProject ****
make all 
make: Nothing to be done for 'all'.
09:45:33 **** Incremental Build of configuration Default for project MyProject ****
make all 
make: Nothing to be done for 'all'.
09:45:38 **** Incremental Build of configuration Default for project MyProject ****
make all 
make: Nothing to be done for 'all'.
09:45:51 **** Incremental Build of configuration Default for project MyProject ****
make all 
make: Nothing to be done for 'all'.
09:50:16 **** Incremental Build of configuration Default for project MyProject ****
make all 
[1;34mCompiling main.c[0m
[1;34mLinking build/Project_template.elf[0m
[1;34mCreating build/Project_template.hex[0m
[1;34mCreating build/Project_template.bin[0m
[1;34mCreating build/Project_template.dmp[0m

   text	   data	    bss	    dec	    hex	filename
  48548	   2948	   6300	  57796	   e1c4	build/Project_template.elf
[1;34mCreating build/Project_template.list[0m

[1;34mDone[0m
09:50:20 **** Incremental Build of configuration Default for project MyProject ****
make all 
make: Nothing to be done for 'all'.
09:51:27 **** Incremental Build of configuration Default for project MyProject ****
make all 
[1;34mCompiling main.c[0m
[1;34mLinking build/Project_template.elf[0m
[1;34mCreating build/Project_template.hex[0m
[1;34mCreating build/Project_template.bin[0m
[1;34mCreating build/Project_template.dmp[0m

   text	   data	    bss	    dec	    hex	filename
  48548	   2948	   6300	  57796	   e1c4	build/Project_template.elf
[1;34mCreating build/Project_template.list[0m

[1;34mDone[0m
09:51:32 **** Incremental Build of configuration Default for project MyProject ****
make all 
make: Nothing to be done for 'all'.
09:52:15 **** Incremental Build of configuration Default for project MyProject ****
make all 
[1;34mCompiling main.c[0m
[1;34mLinking build/Project_template.elf[0m
[1;34mCreating build/Project_template.hex[0m
[1;34mCreating build/Project_template.bin[0m
[1;34mCreating build/Project_template.dmp[0m

   text	   data	    bss	    dec	    hex	filename
  48548	   2948	   6300	  57796	   e1c4	build/Project_template.elf
[1;34mCreating build/Project_template.list[0m

[1;34mDone[0m
09:52:17 **** Incremental Build of configuration Default for project MyProject ****
make all 
make: Nothing to be done for 'all'.
09:53:10 **** Incremental Build of configuration Default for project MyProject ****
make all 
make: Nothing to be done for 'all'.
09:53:15 **** Incremental Build of configuration Default for project MyProject ****
make all 
make: Nothing to be done for 'all'.
09:54:28 **** Incremental Build of configuration Default for project MyProject ****
make all 
[1;34mCompiling main.c[0m
[1;34mLinking build/Project_template.elf[0m
[1;34mCreating build/Project_template.hex[0m
[1;34mCreating build/Project_template.bin[0m
[1;34mCreating build/Project_template.dmp[0m

   text	   data	    bss	    dec	    hex	filename
  48548	   2948	   6300	  57796	   e1c4	build/Project_template.elf
[1;34mCreating build/Project_template.list[0m

[1;34mDone[0m
09:54:31 **** Incremental Build of configuration Default for project MyProject ****
make all 
make: Nothing to be done for 'all'.
09:59:20 **** Incremental Build of configuration Default for project MyProject ****
make all 
[1;34mCompiling main.c[0m
main.c: In function 'main':
main.c:32:38: error: expected expression before 'void'
         left_motor_get_desired_speed(void);
                                      ^~~~
../e-puck2_main-processor/ChibiOS//os/common/ports/ARMCMx/compilers/GCC/rules.mk:216: recipe for target 'build/obj/main.o' failed
main.c:32:9: error: too many arguments to function 'left_motor_get_desired_speed'
         left_motor_get_desired_speed(void);
         ^~~~~~~~~~~~~~~~~~~~~~~~~~~~
main.c:23:9: note: declared here
     int left_motor_get_desired_speed(void);
         ^~~~~~~~~~~~~~~~~~~~~~~~~~~~
main.c:33:33: error: expected expression before 'void'
   right_motor_get_desired_speed(void);
                                 ^~~~
main.c:33:3: error: too many arguments to function 'right_motor_get_desired_speed'
   right_motor_get_desired_speed(void);
   ^~~~~~~~~~~~~~~~~~~~~~~~~~~~~
main.c:24:9: note: declared here
     int right_motor_get_desired_speed(void);
         ^~~~~~~~~~~~~~~~~~~~~~~~~~~~~
make: *** [build/obj/main.o] Error 1
"make all" terminated with exit code 2. Build might be incomplete.
10:00:13 **** Incremental Build of configuration Default for project MyProject ****
make all 
[1;34mCompiling main.c[0m
main.c: In function 'main':
main.c:29:6: error: 'motor_speed' undeclared (first use in this function); did you mean 'motor_set_speed'?
      motor_speed = 1000;
      ^~~~~~~~~~~
../e-puck2_main-processor/ChibiOS//os/common/ports/ARMCMx/compilers/GCC/rules.mk:216: recipe for target 'build/obj/main.o' failed
      motor_set_speed
main.c:29:6: note: each undeclared identifier is reported only once for each function it appears in
main.c:33:9: error: too many arguments to function 'left_motor_get_desired_speed'
         left_motor_get_desired_speed(motor_speed);
         ^~~~~~~~~~~~~~~~~~~~~~~~~~~~
main.c:23:9: note: declared here
     int left_motor_get_desired_speed(void);
         ^~~~~~~~~~~~~~~~~~~~~~~~~~~~
main.c:34:3: error: too many arguments to function 'right_motor_get_desired_speed'
   right_motor_get_desired_speed(motor_speed);
   ^~~~~~~~~~~~~~~~~~~~~~~~~~~~~
main.c:24:9: note: declared here
     int right_motor_get_desired_speed(void);
         ^~~~~~~~~~~~~~~~~~~~~~~~~~~~~
make: *** [build/obj/main.o] Error 1
"make all" terminated with exit code 2. Build might be incomplete.
10:00:36 **** Incremental Build of configuration Default for project MyProject ****
make all 
[1;34mCompiling main.c[0m
main.c: In function 'main':
main.c:34:9: error: too many arguments to function 'left_motor_get_desired_speed'
../e-puck2_main-processor/ChibiOS//os/common/ports/ARMCMx/compilers/GCC/rules.mk:216: recipe for target 'build/obj/main.o' failed
         left_motor_get_desired_speed(motor_speed);
         ^~~~~~~~~~~~~~~~~~~~~~~~~~~~
main.c:24:9: note: declared here
     int left_motor_get_desired_speed(void);
         ^~~~~~~~~~~~~~~~~~~~~~~~~~~~
main.c:35:3: error: too many arguments to function 'right_motor_get_desired_speed'
   right_motor_get_desired_speed(motor_speed);
   ^~~~~~~~~~~~~~~~~~~~~~~~~~~~~
main.c:25:9: note: declared here
     int right_motor_get_desired_speed(void);
         ^~~~~~~~~~~~~~~~~~~~~~~~~~~~~
make: *** [build/obj/main.o] Error 1
"make all" terminated with exit code 2. Build might be incomplete.
10:01:15 **** Incremental Build of configuration Default for project MyProject ****
make all 
[1;34mCompiling main.c[0m
main.c: In function 'main':
main.c:20:9: warning: variable 'motor_speed' set but not used [-Wunused-but-set-variable]
     int motor_speed = 1000;
         ^~~~~~~~~~~
[1;34mLinking build/Project_template.elf[0m
[1;34mCreating build/Project_template.hex[0m
[1;34mCreating build/Project_template.bin[0m
[1;34mCreating build/Project_template.dmp[0m

   text	   data	    bss	    dec	    hex	filename
  48548	   2948	   6300	  57796	   e1c4	build/Project_template.elf
[1;34mCreating build/Project_template.list[0m

[1;34mDone[0m
10:01:36 **** Incremental Build of configuration Default for project MyProject ****
make all 
[1;34mCompiling main.c[0m
main.c: In function 'main':
main.c:29:6: error: 'motor_speed' undeclared (first use in this function); did you mean 'motor_set_speed'?
../e-puck2_main-processor/ChibiOS//os/common/ports/ARMCMx/compilers/GCC/rules.mk:216: recipe for target 'build/obj/main.o' failed
      motor_speed = 1000;
      ^~~~~~~~~~~
      motor_set_speed
main.c:29:6: note: each undeclared identifier is reported only once for each function it appears in
make: *** [build/obj/main.o] Error 1
"make all" terminated with exit code 2. Build might be incomplete.
10:01:41 **** Incremental Build of configuration Default for project MyProject ****
make all 
[1;34mCompiling main.c[0m
[1;34mLinking build/Project_template.elf[0m
[1;34mCreating build/Project_template.hex[0m
[1;34mCreating build/Project_template.bin[0m
[1;34mCreating build/Project_template.dmp[0m

   text	   data	    bss	    dec	    hex	filename
  48548	   2948	   6300	  57796	   e1c4	build/Project_template.elf
[1;34mCreating build/Project_template.list[0m

[1;34mDone[0m
10:01:53 **** Incremental Build of configuration Default for project MyProject ****
make all 
make: Nothing to be done for 'all'.
10:01:56 **** Incremental Build of configuration Default for project MyProject ****
make all 
make: Nothing to be done for 'all'.
10:04:00 **** Incremental Build of configuration Default for project MyProject ****
make all 
[1;34mCompiling main.c[0m
main.c: In function 'main':
main.c:22:35: error: expected ';', ',' or ')' before numeric constant
     void left_motor_set_speed(int 1000);
                                   ^~~~
main.c:23:36: error: expected ';', ',' or ')' before '-' token
     void right_motor_set_speed(int -1000);
                                    ^
../e-puck2_main-processor/ChibiOS//os/common/ports/ARMCMx/compilers/GCC/rules.mk:216: recipe for target 'build/obj/main.o' failed
make: *** [build/obj/main.o] Error 1
"make all" terminated with exit code 2. Build might be incomplete.
10:05:07 **** Incremental Build of configuration Default for project MyProject ****
make all 
[1;34mCompiling main.c[0m
main.c: In function 'main':
main.c:28:9: warning: unused variable 'motor_speed' [-Wunused-variable]
     int motor_speed=1000;
         ^~~~~~~~~~~
[1;34mLinking build/Project_template.elf[0m
[1;34mCreating build/Project_template.hex[0m
[1;34mCreating build/Project_template.bin[0m
[1;34mCreating build/Project_template.dmp[0m

   text	   data	    bss	    dec	    hex	filename
  47908	   2948	   6236	  57092	   df04	build/Project_template.elf
[1;34mCreating build/Project_template.list[0m

[1;34mDone[0m
10:05:14 **** Incremental Build of configuration Default for project MyProject ****
make all 
make: Nothing to be done for 'all'.
10:06:21 **** Incremental Build of configuration Default for project MyProject ****
make all 
[1;34mCompiling main.c[0m
main.c: In function 'main':
main.c:31:35: error: expected ';', ',' or ')' before numeric constant
     void left_motor_set_speed(int 1000);
                                   ^~~~
main.c:32:36: error: expected ';', ',' or ')' before '-' token
     void right_motor_set_speed(int -1000);
                                    ^
main.c:28:9: warning: unused variable 'motor_speed' [-Wunused-variable]
     int motor_speed=1000;
../e-puck2_main-processor/ChibiOS//os/common/ports/ARMCMx/compilers/GCC/rules.mk:216: recipe for target 'build/obj/main.o' failed
         ^~~~~~~~~~~
make: *** [build/obj/main.o] Error 1
"make all" terminated with exit code 2. Build might be incomplete.
10:06:32 **** Incremental Build of configuration Default for project MyProject ****
make all 
[1;34mCompiling main.c[0m
main.c: In function 'main':
main.c:31:31: error: expected declaration specifiers or '...' before numeric constant
     void left_motor_set_speed(1000);
../e-puck2_main-processor/ChibiOS//os/common/ports/ARMCMx/compilers/GCC/rules.mk:216: recipe for target 'build/obj/main.o' failed
                               ^~~~
main.c:32:32: error: expected declaration specifiers or '...' before '-' token
     void right_motor_set_speed(-1000);
                                ^
main.c:28:9: warning: unused variable 'motor_speed' [-Wunused-variable]
     int motor_speed=1000;
         ^~~~~~~~~~~
make: *** [build/obj/main.o] Error 1
"make all" terminated with exit code 2. Build might be incomplete.
10:07:07 **** Incremental Build of configuration Default for project MyProject ****
make all 
[1;34mCompiling main.c[0m
main.c: In function 'main':
main.c:30:31: error: expected declaration specifiers or '...' before numeric constant
     void left_motor_set_speed(1000);
                               ^~~~
main.c:31:32: error: expected declaration specifiers or '...' before '-' token
     void right_motor_set_speed(-1000);
                                ^
make: *** [build/obj/main.o] Error 1
../e-puck2_main-processor/ChibiOS//os/common/ports/ARMCMx/compilers/GCC/rules.mk:216: recipe for target 'build/obj/main.o' failed
"make all" terminated with exit code 2. Build might be incomplete.
10:07:23 **** Incremental Build of configuration Default for project MyProject ****
make all 
[1;34mCompiling main.c[0m
main.c: In function 'main':
main.c:23:31: error: expected declaration specifiers or '...' before numeric constant
../e-puck2_main-processor/ChibiOS//os/common/ports/ARMCMx/compilers/GCC/rules.mk:216: recipe for target 'build/obj/main.o' failed
     void left_motor_set_speed(1000);
                               ^~~~
main.c:24:32: error: expected declaration specifiers or '...' before '-' token
     void right_motor_set_speed(-1000);
                                ^
make: *** [build/obj/main.o] Error 1
"make all" terminated with exit code 2. Build might be incomplete.
10:07:55 **** Incremental Build of configuration Default for project MyProject ****
make all 
[1;34mCompiling main.c[0m
main.c: In function 'main':
main.c:28:31: error: expected declaration specifiers or '...' before numeric constant
     void left_motor_set_speed(1000);
../e-puck2_main-processor/ChibiOS//os/common/ports/ARMCMx/compilers/GCC/rules.mk:216: recipe for target 'build/obj/main.o' failed
                               ^~~~
main.c:29:32: error: expected declaration specifiers or '...' before '-' token
     void right_motor_set_speed(-1000);
                                ^
make: *** [build/obj/main.o] Error 1
"make all" terminated with exit code 2. Build might be incomplete.
10:08:59 **** Incremental Build of configuration Default for project MyProject ****
make all 
[1;34mCompiling main.c[0m
main.c: In function 'main':
main.c:23:31: error: expected declaration specifiers or '...' before numeric constant
     void left_motor_set_speed(1000);
                               ^~~~
main.c:24:32: error: expected declaration specifiers or '...' before '-' token
     void right_motor_set_speed(-1000);
                                ^
../e-puck2_main-processor/ChibiOS//os/common/ports/ARMCMx/compilers/GCC/rules.mk:216: recipe for target 'build/obj/main.o' failed
make: *** [build/obj/main.o] Error 1
"make all" terminated with exit code 2. Build might be incomplete.
10:16:38 **** Incremental Build of configuration Default for project MyProject ****
make all 
[1;34mCompiling main.c[0m
main.c: In function 'main':
main.c:21:5: warning: implicit declaration of function 'calibrate_ir' [-Wimplicit-function-declaration]
     calibrate_ir(void);
     ^~~~~~~~~~~~
main.c:21:18: error: expected expression before 'void'
     calibrate_ir(void);
                  ^~~~
../e-puck2_main-processor/ChibiOS//os/common/ports/ARMCMx/compilers/GCC/rules.mk:216: recipe for target 'build/obj/main.o' failed
main.c:23:31: error: expected declaration specifiers or '...' before numeric constant
     void left_motor_set_speed(1000);
                               ^~~~
main.c:24:32: error: expected declaration specifiers or '...' before '-' token
     void right_motor_set_speed(-1000);
                                ^
make: *** [build/obj/main.o] Error 1
"make all" terminated with exit code 2. Build might be incomplete.
10:20:29 **** Incremental Build of configuration Default for project MyProject ****
make all 
[1;34mCompiling main.c[0m
main.c:1:1: error: unknown type name 'messagebus_t'
 messagebus_t bus;
 ^~~~~~~~~~~~
main.c:2:1: warning: data definition has no type or storage class
 MUTEX_DECL(bus_lock);
 ^~~~~~~~~~
main.c:2:1: warning: type defaults to 'int' in declaration of 'MUTEX_DECL' [-Wimplicit-int]
main.c:2:1: warning: parameter names (without types) in function declaration
main.c:3:1: warning: data definition has no type or storage class
 CONDVAR_DECL(bus_condvar);
 ^~~~~~~~~~~~
main.c:3:1: warning: type defaults to 'int' in declaration of 'CONDVAR_DECL' [-Wimplicit-int]
main.c:3:1: warning: parameter names (without types) in function declaration
In file included from main.c:13:0:
./main.h:12:21: error: conflicting types for 'bus'
 extern messagebus_t bus;
                     ^~~
main.c:1:14: note: previous declaration of 'bus' was here
 messagebus_t bus;
              ^~~
main.c:17:17: error: expected declaration specifiers or '...' before '&' token
 messagebus_init(&bus, &bus_lock, &bus_condvar);
                 ^
main.c:17:23: error: expected declaration specifiers or '...' before '&' token
 messagebus_init(&bus, &bus_lock, &bus_condvar);
                       ^
main.c:17:34: error: expected declaration specifiers or '...' before '&' token
 messagebus_init(&bus, &bus_lock, &bus_condvar);
                                  ^
main.c: In function 'main':
main.c:26:28: error: 'bus_lock' undeclared (first use in this function); did you mean '__lock'?
     messagebus_init(&bus, &bus_lock, &bus_condvar);
                            ^~~~~~~~
                            __lock
main.c:26:28: note: each undeclared identifier is reported only once for each function it appears in
main.c:26:39: error: 'bus_condvar' undeclared (first use in this function); did you mean 'useconds_t'?
     messagebus_init(&bus, &bus_lock, &bus_condvar);
                                       ^~~~~~~~~~~
                                       useconds_t
../e-puck2_main-processor/ChibiOS//os/common/ports/ARMCMx/compilers/GCC/rules.mk:216: recipe for target 'build/obj/main.o' failed
make: *** [build/obj/main.o] Error 1
"make all" terminated with exit code 2. Build might be incomplete.
10:20:42 **** Incremental Build of configuration Default for project MyProject ****
make all 
[1;34mCompiling main.c[0m
main.c:1:1: error: unknown type name 'messagebus_t'
 messagebus_t bus;
 ^~~~~~~~~~~~
main.c:2:1: warning: data definition has no type or storage class
 MUTEX_DECL(bus_lock);
 ^~~~~~~~~~
main.c:2:1: warning: type defaults to 'int' in declaration of 'MUTEX_DECL' [-Wimplicit-int]
main.c:2:1: warning: parameter names (without types) in function declaration
main.c:3:1: warning: data definition has no type or storage class
 CONDVAR_DECL(bus_condvar);
 ^~~~~~~~~~~~
main.c:3:1: warning: type defaults to 'int' in declaration of 'CONDVAR_DECL' [-Wimplicit-int]
main.c:3:1: warning: parameter names (without types) in function declaration
In file included from main.c:13:0:
./main.h:12:21: error: conflicting types for 'bus'
 extern messagebus_t bus;
                     ^~~
main.c:1:14: note: previous declaration of 'bus' was here
 messagebus_t bus;
              ^~~
main.c:17:17: error: expected declaration specifiers or '...' before '&' token
 messagebus_init(&bus, &bus_lock, &bus_condvar);
                 ^
main.c:17:23: error: expected declaration specifiers or '...' before '&' token
 messagebus_init(&bus, &bus_lock, &bus_condvar);
                       ^
main.c:17:34: error: expected declaration specifiers or '...' before '&' token
 messagebus_init(&bus, &bus_lock, &bus_condvar);
../e-puck2_main-processor/ChibiOS//os/common/ports/ARMCMx/compilers/GCC/rules.mk:216: recipe for target 'build/obj/main.o' failed
                                  ^
make: *** [build/obj/main.o] Error 1
"make all" terminated with exit code 2. Build might be incomplete.
10:20:50 **** Incremental Build of configuration Default for project MyProject ****
make all 
[1;34mCompiling main.c[0m
main.c:1:1: error: unknown type name 'messagebus_t'
 messagebus_t bus;
 ^~~~~~~~~~~~
main.c:2:1: warning: data definition has no type or storage class
 MUTEX_DECL(bus_lock);
 ^~~~~~~~~~
main.c:2:1: warning: type defaults to 'int' in declaration of 'MUTEX_DECL' [-Wimplicit-int]
main.c:2:1: warning: parameter names (without types) in function declaration
main.c:3:1: warning: data definition has no type or storage class
 CONDVAR_DECL(bus_condvar);
 ^~~~~~~~~~~~
main.c:3:1: warning: type defaults to 'int' in declaration of 'CONDVAR_DECL' [-Wimplicit-int]
main.c:3:1: warning: parameter names (without types) in function declaration
In file included from main.c:13:0:
./main.h:12:21: error: conflicting types for 'bus'
 extern messagebus_t bus;
                     ^~~
main.c:1:14: note: previous declaration of 'bus' was here
 messagebus_t bus;
              ^~~
../e-puck2_main-processor/ChibiOS//os/common/ports/ARMCMx/compilers/GCC/rules.mk:216: recipe for target 'build/obj/main.o' failed
make: *** [build/obj/main.o] Error 1
"make all" terminated with exit code 2. Build might be incomplete.
10:20:55 **** Incremental Build of configuration Default for project MyProject ****
make all 
[1;34mCompiling main.c[0m
[1;34mLinking build/Project_template.elf[0m
build/obj/proximity.o: In function `proximity_thd':
/home/uos/Documents/TeamG/MyProject//../e-puck2_main-processor/src/sensors/proximity.c:228: undefined reference to `bus'
collect2: error: ld returned 1 exit status
make: *** [build/Project_template.elf] Error 1
../e-puck2_main-processor/ChibiOS//os/common/ports/ARMCMx/compilers/GCC/rules.mk:243: recipe for target 'build/Project_template.elf' failed
"make all" terminated with exit code 2. Build might be incomplete.
10:22:32 **** Incremental Build of configuration Default for project MyProject ****
make all 
[1;34mCompiling main.c[0m
[1;34mLinking build/Project_template.elf[0m
build/obj/proximity.o: In function `proximity_thd':
/home/uos/Documents/TeamG/MyProject//../e-puck2_main-processor/src/sensors/proximity.c:228: undefined reference to `bus'
collect2: error: ld returned 1 exit status
../e-puck2_main-processor/ChibiOS//os/common/ports/ARMCMx/compilers/GCC/rules.mk:243: recipe for target 'build/Project_template.elf' failed
make: *** [build/Project_template.elf] Error 1
"make all" terminated with exit code 2. Build might be incomplete.
10:23:04 **** Incremental Build of configuration Default for project MyProject ****
make all 
[1;34mCompiling main.c[0m
main.c: In function 'main':
main.c:23:5: warning: implicit declaration of function 'proximity_start' [-Wimplicit-function-declaration]
     proximity_start();
     ^~~~~~~~~~~~~~~
main.c:25:5: warning: implicit declaration of function 'calibrate_ir' [-Wimplicit-function-declaration]
     calibrate_ir();
     ^~~~~~~~~~~~
[1;34mLinking build/Project_template.elf[0m
build/obj/proximity.o: In function `proximity_thd':
/home/uos/Documents/TeamG/MyProject//../e-puck2_main-processor/src/sensors/proximity.c:228: undefined reference to `bus'
collect2: error: ld returned 1 exit status
../e-puck2_main-processor/ChibiOS//os/common/ports/ARMCMx/compilers/GCC/rules.mk:243: recipe for target 'build/Project_template.elf' failed
make: *** [build/Project_template.elf] Error 1
"make all" terminated with exit code 2. Build might be incomplete.
10:23:13 **** Incremental Build of configuration Default for project MyProject ****
make all 
[1;34mCompiling main.c[0m
[1;34mLinking build/Project_template.elf[0m
[1;34mCreating build/Project_template.hex[0m
[1;34mCreating build/Project_template.bin[0m
[1;34mCreating build/Project_template.dmp[0m

   text	   data	    bss	    dec	    hex	filename
  51476	   2948	   6300	  60724	   ed34	build/Project_template.elf
[1;34mCreating build/Project_template.list[0m

[1;34mDone[0m
10:23:19 **** Incremental Build of configuration Default for project MyProject ****
make all 
make: Nothing to be done for 'all'.
10:30:12 **** Incremental Build of configuration Default for project MyProject ****
make all 
[1;34mCompiling main.c[0m
[1;34mLinking build/Project_template.elf[0m
[1;34mCreating build/Project_template.hex[0m
[1;34mCreating build/Project_template.bin[0m
[1;34mCreating build/Project_template.dmp[0m

   text	   data	    bss	    dec	    hex	filename
  55540	   2988	   7212	  65740	  100cc	build/Project_template.elf
[1;34mCreating build/Project_template.list[0m

[1;34mDone[0m
10:30:18 **** Incremental Build of configuration Default for project MyProject ****
make all 
make: Nothing to be done for 'all'.
10:30:23 **** Incremental Build of configuration Default for project MyProject ****
make all 
make: Nothing to be done for 'all'.
10:33:01 **** Incremental Build of configuration Default for project MyProject ****
make all 
[1;34mCompiling main.c[0m
[1;34mLinking build/Project_template.elf[0m
[1;34mCreating build/Project_template.hex[0m
[1;34mCreating build/Project_template.bin[0m
[1;34mCreating build/Project_template.dmp[0m

   text	   data	    bss	    dec	    hex	filename
  55540	   2988	   7212	  65740	  100cc	build/Project_template.elf
[1;34mCreating build/Project_template.list[0m

[1;34mDone[0m
10:33:04 **** Incremental Build of configuration Default for project MyProject ****
make all 
make: Nothing to be done for 'all'.
10:33:16 **** Incremental Build of configuration Default for project MyProject ****
make all 
make: Nothing to be done for 'all'.
10:33:19 **** Incremental Build of configuration Default for project MyProject ****
make all 
make: Nothing to be done for 'all'.
10:42:01 **** Build of configuration Default for project MyProject ****
make all 
[1;34mCompiling main.c[0m
main.c: In function 'main':
main.c:46:18: error: expected expression before 'BaseSequentialStream'
         chprintf(BaseSequentialStream *chp, *fmt);
                  ^~~~~~~~~~~~~~~~~~~~
main.c:46:9: error: too few arguments to function 'chprintf'
         chprintf(BaseSequentialStream *chp, *fmt);
         ^~~~~~~~
In file included from main.c:12:0:
../e-puck2_main-processor/ChibiOS//os/hal/lib/streams/chprintf.h:69:19: note: declared here
 static inline int chprintf(BaseSequentialStream *chp, const char *fmt, ...) {
                   ^~~~~~~~
main.c:49:61: error: 'prox_values' undeclared (first use in this function)
             chprintf((BaseSequentialStream *)&SDU1, "%4d,", prox_values[0]);
                                                             ^~~~~~~~~~~
main.c:49:61: note: each undeclared identifier is reported only once for each function it appears in
../e-puck2_main-processor/ChibiOS//os/common/ports/ARMCMx/compilers/GCC/rules.mk:216: recipe for target 'build/obj/main.o' failed
make: *** [build/obj/main.o] Error 1
"make all" terminated with exit code 2. Build might be incomplete.
10:43:09 **** Incremental Build of configuration Default for project MyProject ****
make all 
[1;34mCompiling main.c[0m
main.c: In function 'main':
main.c:46:18: error: expected expression before 'BaseSequentialStream'
         chprintf(BaseSequentialStream *chp, *fmt);
                  ^~~~~~~~~~~~~~~~~~~~
main.c:46:9: error: too few arguments to function 'chprintf'
         chprintf(BaseSequentialStream *chp, *fmt);
         ^~~~~~~~
In file included from main.c:12:0:
../e-puck2_main-processor/ChibiOS//os/hal/lib/streams/chprintf.h:69:19: note: declared here
 static inline int chprintf(BaseSequentialStream *chp, const char *fmt, ...) {
                   ^~~~~~~~
main.c:49:61: error: 'prox_values' undeclared (first use in this function)
             chprintf((BaseSequentialStream *)&SDU1, "%4d,", prox_values[0]);
                                                             ^~~~~~~~~~~
main.c:49:61: note: each undeclared identifier is reported only once for each function it appears in
../e-puck2_main-processor/ChibiOS//os/common/ports/ARMCMx/compilers/GCC/rules.mk:216: recipe for target 'build/obj/main.o' failed
make: *** [build/obj/main.o] Error 1
"make all" terminated with exit code 2. Build might be incomplete.
10:43:34 **** Incremental Build of configuration Default for project MyProject ****
make all 
[1;34mCompiling main.c[0m
main.c: In function 'main':
main.c:46:18: error: expected expression before 'BaseSequentialStream'
         chprintf(BaseSequentialStream *chp, *fmt);
                  ^~~~~~~~~~~~~~~~~~~~
main.c:46:9: error: too few arguments to function 'chprintf'
         chprintf(BaseSequentialStream *chp, *fmt);
         ^~~~~~~~
In file included from main.c:12:0:
../e-puck2_main-processor/ChibiOS//os/hal/lib/streams/chprintf.h:69:19: note: declared here
 static inline int chprintf(BaseSequentialStream *chp, const char *fmt, ...) {
                   ^~~~~~~~
main.c:49:61: error: 'prox_values' undeclared (first use in this function)
             chprintf((BaseSequentialStream *)&SDU1, "%4d,", prox_values[0]);
                                                             ^~~~~~~~~~~
main.c:49:61: note: each undeclared identifier is reported only once for each function it appears in
../e-puck2_main-processor/ChibiOS//os/common/ports/ARMCMx/compilers/GCC/rules.mk:216: recipe for target 'build/obj/main.o' failed
make: *** [build/obj/main.o] Error 1
"make all" terminated with exit code 2. Build might be incomplete.
10:44:17 **** Incremental Build of configuration Default for project MyProject ****
make all 
[1;34mCompiling main.c[0m
main.c: In function 'main':
main.c:46:18: error: expected expression before 'BaseSequentialStream'
         chprintf(BaseSequentialStream *chp, const char *fmt);
                  ^~~~~~~~~~~~~~~~~~~~
main.c:46:9: error: too few arguments to function 'chprintf'
         chprintf(BaseSequentialStream *chp, const char *fmt);
         ^~~~~~~~
In file included from main.c:12:0:
../e-puck2_main-processor/ChibiOS//os/hal/lib/streams/chprintf.h:69:19: note: declared here
 static inline int chprintf(BaseSequentialStream *chp, const char *fmt, ...) {
                   ^~~~~~~~
main.c:49:61: error: 'prox_values' undeclared (first use in this function)
             chprintf((BaseSequentialStream *)&SDU1, "%4d,", prox_values[0]);
                                                             ^~~~~~~~~~~
main.c:49:61: note: each undeclared identifier is reported only once for each function it appears in
../e-puck2_main-processor/ChibiOS//os/common/ports/ARMCMx/compilers/GCC/rules.mk:216: recipe for target 'build/obj/main.o' failed
make: *** [build/obj/main.o] Error 1
"make all" terminated with exit code 2. Build might be incomplete.
10:44:31 **** Incremental Build of configuration Default for project MyProject ****
make all 
[1;34mCompiling main.c[0m
main.c: In function 'main':
main.c:46:18: error: expected expression before 'BaseSequentialStream'
         chprintf(BaseSequentialStream *chp,  *fmt);
                  ^~~~~~~~~~~~~~~~~~~~
main.c:46:9: error: too few arguments to function 'chprintf'
         chprintf(BaseSequentialStream *chp,  *fmt);
         ^~~~~~~~
In file included from main.c:12:0:
../e-puck2_main-processor/ChibiOS//os/hal/lib/streams/chprintf.h:69:19: note: declared here
 static inline int chprintf(BaseSequentialStream *chp, const char *fmt, ...) {
                   ^~~~~~~~
main.c:49:61: error: 'prox_values' undeclared (first use in this function)
             chprintf((BaseSequentialStream *)&SDU1, "%4d,", prox_values[0]);
                                                             ^~~~~~~~~~~
main.c:49:61: note: each undeclared identifier is reported only once for each function it appears in
../e-puck2_main-processor/ChibiOS//os/common/ports/ARMCMx/compilers/GCC/rules.mk:216: recipe for target 'build/obj/main.o' failed
make: *** [build/obj/main.o] Error 1
"make all" terminated with exit code 2. Build might be incomplete.
10:44:38 **** Incremental Build of configuration Default for project MyProject ****
make all 
[1;34mCompiling main.c[0m
main.c: In function 'main':
main.c:46:18: error: expected expression before 'BaseSequentialStream'
         chprintf(BaseSequentialStream *chp,*fmt);
                  ^~~~~~~~~~~~~~~~~~~~
main.c:46:9: error: too few arguments to function 'chprintf'
         chprintf(BaseSequentialStream *chp,*fmt);
         ^~~~~~~~
In file included from main.c:12:0:
../e-puck2_main-processor/ChibiOS//os/hal/lib/streams/chprintf.h:69:19: note: declared here
 static inline int chprintf(BaseSequentialStream *chp, const char *fmt, ...) {
                   ^~~~~~~~
main.c:49:61: error: 'prox_values' undeclared (first use in this function)
             chprintf((BaseSequentialStream *)&SDU1, "%4d,", prox_values[0]);
                                                             ^~~~~~~~~~~
main.c:49:61: note: each undeclared identifier is reported only once for each function it appears in
../e-puck2_main-processor/ChibiOS//os/common/ports/ARMCMx/compilers/GCC/rules.mk:216: recipe for target 'build/obj/main.o' failed
make: *** [build/obj/main.o] Error 1
"make all" terminated with exit code 2. Build might be incomplete.
10:44:41 **** Incremental Build of configuration Default for project MyProject ****
make all 
[1;34mCompiling main.c[0m
main.c: In function 'main':
main.c:46:18: error: expected expression before 'BaseSequentialStream'
         chprintf(BaseSequentialStream *chp, *fmt);
                  ^~~~~~~~~~~~~~~~~~~~
main.c:46:9: error: too few arguments to function 'chprintf'
         chprintf(BaseSequentialStream *chp, *fmt);
         ^~~~~~~~
In file included from main.c:12:0:
../e-puck2_main-processor/ChibiOS//os/hal/lib/streams/chprintf.h:69:19: note: declared here
 static inline int chprintf(BaseSequentialStream *chp, const char *fmt, ...) {
                   ^~~~~~~~
main.c:49:61: error: 'prox_values' undeclared (first use in this function)
             chprintf((BaseSequentialStream *)&SDU1, "%4d,", prox_values[0]);
../e-puck2_main-processor/ChibiOS//os/common/ports/ARMCMx/compilers/GCC/rules.mk:216: recipe for target 'build/obj/main.o' failed
                                                             ^~~~~~~~~~~
main.c:49:61: note: each undeclared identifier is reported only once for each function it appears in
make: *** [build/obj/main.o] Error 1
"make all" terminated with exit code 2. Build might be incomplete.
10:44:48 **** Incremental Build of configuration Default for project MyProject ****
make all 
[1;34mCompiling main.c[0m
main.c: In function 'main':
main.c:46:18: error: expected expression before 'BaseSequentialStream'
         chprintf(BaseSequentialStream *chp, *fmt);
                  ^~~~~~~~~~~~~~~~~~~~
main.c:46:9: error: too few arguments to function 'chprintf'
         chprintf(BaseSequentialStream *chp, *fmt);
         ^~~~~~~~
In file included from main.c:12:0:
../e-puck2_main-processor/ChibiOS//os/hal/lib/streams/chprintf.h:69:19: note: declared here
 static inline int chprintf(BaseSequentialStream *chp, const char *fmt, ...) {
                   ^~~~~~~~
main.c:49:61: error: 'prox_values' undeclared (first use in this function)
             chprintf((BaseSequentialStream *)&SDU1, "%4d,", prox_values[0]);
                                                             ^~~~~~~~~~~
main.c:49:61: note: each undeclared identifier is reported only once for each function it appears in
../e-puck2_main-processor/ChibiOS//os/common/ports/ARMCMx/compilers/GCC/rules.mk:216: recipe for target 'build/obj/main.o' failed
make: *** [build/obj/main.o] Error 1
"make all" terminated with exit code 2. Build might be incomplete.
10:45:33 **** Incremental Build of configuration Default for project MyProject ****
make all 
[1;34mCompiling main.c[0m
main.c: In function 'main':
main.c:46:18: error: expected expression before 'BaseSequentialStream'
         chprintf(BaseSequentialStream *chp, *fmt);
                  ^~~~~~~~~~~~~~~~~~~~
main.c:46:9: error: too few arguments to function 'chprintf'
         chprintf(BaseSequentialStream *chp, *fmt);
         ^~~~~~~~
In file included from main.c:12:0:
../e-puck2_main-processor/ChibiOS//os/hal/lib/streams/chprintf.h:69:19: note: declared here
 static inline int chprintf(BaseSequentialStream *chp, const char *fmt, ...) {
                   ^~~~~~~~
main.c:49:61: error: 'prox_values' undeclared (first use in this function)
             chprintf((BaseSequentialStream *)&SDU1, "%4d,", prox_values[0]);
                                                             ^~~~~~~~~~~
../e-puck2_main-processor/ChibiOS//os/common/ports/ARMCMx/compilers/GCC/rules.mk:216: recipe for target 'build/obj/main.o' failed
main.c:49:61: note: each undeclared identifier is reported only once for each function it appears in
make: *** [build/obj/main.o] Error 1
"make all" terminated with exit code 2. Build might be incomplete.
10:49:34 **** Incremental Build of configuration Default for project MyProject ****
make all 
[1;34mCompiling main.c[0m
main.c: In function 'main':
main.c:44:18: error: expected expression before 'BaseSequentialStream'
         chprintf(BaseSequentialStream *chp, *fmt);
                  ^~~~~~~~~~~~~~~~~~~~
main.c:44:9: error: too few arguments to function 'chprintf'
         chprintf(BaseSequentialStream *chp, *fmt);
         ^~~~~~~~
In file included from main.c:12:0:
../e-puck2_main-processor/ChibiOS//os/hal/lib/streams/chprintf.h:69:19: note: declared here
 static inline int chprintf(BaseSequentialStream *chp, const char *fmt, ...) {
                   ^~~~~~~~
main.c:47:61: error: 'prox_values' undeclared (first use in this function)
             chprintf((BaseSequentialStream *)&SDU1, "%4d,", prox_values[0]);
                                                             ^~~~~~~~~~~
main.c:47:61: note: each undeclared identifier is reported only once for each function it appears in
../e-puck2_main-processor/ChibiOS//os/common/ports/ARMCMx/compilers/GCC/rules.mk:216: recipe for target 'build/obj/main.o' failed
make: *** [build/obj/main.o] Error 1
"make all" terminated with exit code 2. Build might be incomplete.
10:50:44 **** Incremental Build of configuration Default for project MyProject ****
make all 
[1;34mCompiling main.c[0m
main.c: In function 'main':
main.c:46:61: error: 'prox_values' undeclared (first use in this function)
             chprintf((BaseSequentialStream *)&SDU1, "%4d,", prox_values[0]);
../e-puck2_main-processor/ChibiOS//os/common/ports/ARMCMx/compilers/GCC/rules.mk:216: recipe for target 'build/obj/main.o' failed
                                                             ^~~~~~~~~~~
main.c:46:61: note: each undeclared identifier is reported only once for each function it appears in
make: *** [build/obj/main.o] Error 1
"make all" terminated with exit code 2. Build might be incomplete.
10:53:04 **** Incremental Build of configuration Default for project MyProject ****
make all 
[1;34mCompiling main.c[0m
[1;34mLinking build/Project_template.elf[0m
[1;34mCreating build/Project_template.hex[0m
[1;34mCreating build/Project_template.bin[0m
[1;34mCreating build/Project_template.dmp[0m

   text	   data	    bss	    dec	    hex	filename
  62564	   2996	   7876	  73436	  11edc	build/Project_template.elf
[1;34mCreating build/Project_template.list[0m

[1;34mDone[0m
10:54:04 **** Incremental Build of configuration Default for project MyProject ****
make all 
make: Nothing to be done for 'all'.
10:54:10 **** Incremental Build of configuration Default for project MyProject ****
make all 
make: Nothing to be done for 'all'.
10:54:17 **** Incremental Build of configuration Default for project MyProject ****
make all 
make: Nothing to be done for 'all'.
10:56:38 **** Incremental Build of configuration Default for project MyProject ****
make all 
make: Nothing to be done for 'all'.
